<?xml version="1.0" encoding="UTF-8"?>
<testsuite xmlns:xsi="http://www.w3.org/2001/XMLSchema-instance" xsi:noNamespaceSchemaLocation="https://maven.apache.org/surefire/maven-surefire-plugin/xsd/surefire-test-report.xsd" name="geocoding.AddressResolverTest" time="0.362" tests="1" errors="0" skipped="0" failures="1">
  <properties>
[...]
</properties>
  <testcase name="testFindAddressForLocation" classname="geocoding.AddressResolverTest" time="0.358">
    <failure message="&#10;Expected: is &lt;Address{houseNumber=&apos;null&apos;, road=&apos;Parque Estacionamento da Reitoria - Univerisdade de Aveiro&apos;, city=&apos;Glória e Vera Cruz&apos;, state=&apos;Centrso&apos;, zip=&apos;3810-193&apos;}&gt;&#10;     but: was &lt;Address{houseNumber=&apos;null&apos;, road=&apos;Parque Estacionamento da Reitoria - Univerisdade de Aveiro&apos;, city=&apos;Glória e Vera Cruz&apos;, state=&apos;Centro&apos;, zip=&apos;3810-193&apos;}&gt;" type="java.lang.AssertionError"><![CDATA[java.lang.AssertionError: 

Expected: is <Address{houseNumber='null', road='Parque Estacionamento da Reitoria - Univerisdade de Aveiro', city='Glória e Vera Cruz', state='Centrso', zip='3810-193'}>
     but: was <Address{houseNumber='null', road='Parque Estacionamento da Reitoria - Univerisdade de Aveiro', city='Glória e Vera Cruz', state='Centro', zip='3810-193'}>
	at geocoding.AddressResolverTest.testFindAddressForLocation(AddressResolverTest.java:69)
]]></failure>
  </testcase>
</testsuite>